build/app/intermediates/manifest_merge_blame_file/debug/manifest-merger-blame-debug-report.txt
1<?xml version="1.0" encoding="utf-8"?>
2<manifest xmlns:android="http://schemas.android.com/apk/res/android"
3    package="com.example.parkor"
4    android:versionCode="1"
5    android:versionName="1.0.0" >
6
7    <uses-sdk
8        android:minSdkVersion="21"
9        android:targetSdkVersion="30" />
10    <!--
11         Flutter needs it to communicate with the running application
12         to allow setting breakpoints, to provide hot reload, etc.
13    -->
14    <uses-permission android:name="android.permission.INTERNET" />
14-->src\debug\AndroidManifest.xml:6:5-66
14-->src\debug\AndroidManifest.xml:6:22-64
15    <uses-permission android:name="android.permission.READ_EXTERNAL_STORAGE" />
15-->[:image_picker] AndroidManifest.xml:7:5-80
15-->[:image_picker] AndroidManifest.xml:7:22-77
16    <uses-permission android:name="android.permission.WRITE_EXTERNAL_STORAGE" />
16-->[:image_picker] AndroidManifest.xml:8:5-81
16-->[:image_picker] AndroidManifest.xml:8:22-78
17    <uses-permission android:name="android.permission.ACCESS_NETWORK_STATE" />
17-->[com.google.firebase:firebase-auth:21.0.1] AndroidManifest.xml:24:5-79
17-->[com.google.firebase:firebase-auth:21.0.1] AndroidManifest.xml:24:22-76
18
19    <application
19-->src\main\AndroidManifest.xml:3:4-40:19
20        android:appComponentFactory="androidx.core.app.CoreComponentFactory"
20-->[androidx.core:core:1.1.0] AndroidManifest.xml:24:18-86
21        android:debuggable="true"
22        android:icon="@mipmap/ic_launcher"
22-->src\main\AndroidManifest.xml:5:9-43
23        android:label="parkor" >
23-->src\main\AndroidManifest.xml:4:9-31
24        <activity
24-->src\main\AndroidManifest.xml:6:9-34:20
25            android:name="com.example.parkor.MainActivity"
25-->src\main\AndroidManifest.xml:7:13-41
26            android:configChanges="orientation|keyboardHidden|keyboard|screenSize|smallestScreenSize|locale|layoutDirection|fontScale|screenLayout|density|uiMode"
26-->src\main\AndroidManifest.xml:10:13-163
27            android:hardwareAccelerated="true"
27-->src\main\AndroidManifest.xml:11:13-47
28            android:launchMode="singleTop"
28-->src\main\AndroidManifest.xml:8:13-43
29            android:theme="@style/LaunchTheme"
29-->src\main\AndroidManifest.xml:9:13-47
30            android:windowSoftInputMode="adjustResize" >
30-->src\main\AndroidManifest.xml:12:13-55
31
32            <!--
33                 Specifies an Android theme to apply to this Activity as soon as
34                 the Android process has started. This theme is visible to the user
35                 while the Flutter UI initializes. After that, this theme continues
36                 to determine the Window background behind the Flutter UI.
37            -->
38            <meta-data
38-->src\main\AndroidManifest.xml:17:13-20:17
39                android:name="io.flutter.embedding.android.NormalTheme"
39-->src\main\AndroidManifest.xml:18:15-70
40                android:resource="@style/NormalTheme" />
40-->src\main\AndroidManifest.xml:19:15-52
41            <!--
42                 Displays an Android View that continues showing the launch screen
43                 Drawable until Flutter paints its first frame, then this splash
44                 screen fades out. A splash screen is useful to avoid any visual
45                 gap between the end of Android's launch screen and the painting of
46                 Flutter's first frame.
47            -->
48            <meta-data
48-->src\main\AndroidManifest.xml:26:13-29:17
49                android:name="io.flutter.embedding.android.SplashScreenDrawable"
49-->src\main\AndroidManifest.xml:27:15-79
50                android:resource="@drawable/launch_background" />
50-->src\main\AndroidManifest.xml:28:15-61
51
52            <intent-filter>
52-->src\main\AndroidManifest.xml:30:13-33:29
53                <action android:name="android.intent.action.MAIN" />
53-->src\main\AndroidManifest.xml:31:17-68
53-->src\main\AndroidManifest.xml:31:25-66
54
55                <category android:name="android.intent.category.LAUNCHER" />
55-->src\main\AndroidManifest.xml:32:17-76
55-->src\main\AndroidManifest.xml:32:27-74
56            </intent-filter>
57        </activity>
58        <!--
59             Don't delete the meta-data below.
60             This is used by the Flutter tool to generate GeneratedPluginRegistrant.java
61        -->
62        <meta-data
62-->src\main\AndroidManifest.xml:37:9-39:33
63            android:name="flutterEmbedding"
63-->src\main\AndroidManifest.xml:38:13-44
64            android:value="2" />
64-->src\main\AndroidManifest.xml:39:13-30
65
66        <service
66-->[:firebase_storage] AndroidManifest.xml:8:9-12:19
67            android:name="com.google.firebase.components.ComponentDiscoveryService"
67-->[:firebase_storage] AndroidManifest.xml:8:18-89
68            android:directBootAware="true"
68-->[com.google.firebase:firebase-common:20.0.0] AndroidManifest.xml:35:13-43
69            android:exported="false" >
69-->[com.google.firebase:firebase-auth:21.0.1] AndroidManifest.xml:76:13-37
70            <meta-data
70-->[:firebase_storage] AndroidManifest.xml:9:13-11:85
71                android:name="com.google.firebase.components:io.flutter.plugins.firebase.storage.FlutterFirebaseAppRegistrar"
71-->[:firebase_storage] AndroidManifest.xml:10:17-126
72                android:value="com.google.firebase.components.ComponentRegistrar" />
72-->[:firebase_storage] AndroidManifest.xml:11:17-82
73            <meta-data
73-->[:cloud_firestore] AndroidManifest.xml:9:13-11:85
74                android:name="com.google.firebase.components:io.flutter.plugins.firebase.firestore.FlutterFirebaseFirestoreRegistrar"
74-->[:cloud_firestore] AndroidManifest.xml:10:17-134
75                android:value="com.google.firebase.components.ComponentRegistrar" />
75-->[:cloud_firestore] AndroidManifest.xml:11:17-82
76            <meta-data
76-->[:firebase_auth] AndroidManifest.xml:9:13-11:85
77                android:name="com.google.firebase.components:io.flutter.plugins.firebase.auth.FlutterFirebaseAuthRegistrar"
77-->[:firebase_auth] AndroidManifest.xml:10:17-124
78                android:value="com.google.firebase.components.ComponentRegistrar" />
78-->[:firebase_auth] AndroidManifest.xml:11:17-82
79            <meta-data
79-->[:firebase_core] AndroidManifest.xml:9:13-11:85
80                android:name="com.google.firebase.components:io.flutter.plugins.firebase.core.FlutterFirebaseCoreRegistrar"
80-->[:firebase_core] AndroidManifest.xml:10:17-124
81                android:value="com.google.firebase.components.ComponentRegistrar" />
81-->[:firebase_core] AndroidManifest.xml:11:17-82
82            <meta-data
82-->[com.google.firebase:firebase-auth:21.0.1] AndroidManifest.xml:77:13-79:85
83                android:name="com.google.firebase.components:com.google.firebase.auth.FirebaseAuthRegistrar"
83-->[com.google.firebase:firebase-auth:21.0.1] AndroidManifest.xml:78:17-109
84                android:value="com.google.firebase.components.ComponentRegistrar" />
84-->[com.google.firebase:firebase-auth:21.0.1] AndroidManifest.xml:79:17-82
85            <meta-data
85-->[com.google.firebase:firebase-firestore:23.0.1] AndroidManifest.xml:20:13-22:85
86                android:name="com.google.firebase.components:com.google.firebase.firestore.FirestoreRegistrar"
86-->[com.google.firebase:firebase-firestore:23.0.1] AndroidManifest.xml:21:17-111
87                android:value="com.google.firebase.components.ComponentRegistrar" />
87-->[com.google.firebase:firebase-firestore:23.0.1] AndroidManifest.xml:22:17-82
88            <meta-data
88-->[com.google.firebase:firebase-storage:20.0.0] AndroidManifest.xml:33:13-35:85
89                android:name="com.google.firebase.components:com.google.firebase.storage.StorageRegistrar"
89-->[com.google.firebase:firebase-storage:20.0.0] AndroidManifest.xml:34:17-107
90                android:value="com.google.firebase.components.ComponentRegistrar" />
90-->[com.google.firebase:firebase-storage:20.0.0] AndroidManifest.xml:35:17-82
91        </service>
92
93        <provider
93-->[:image_picker] AndroidManifest.xml:11:9-19:20
94            android:name="io.flutter.plugins.imagepicker.ImagePickerFileProvider"
94-->[:image_picker] AndroidManifest.xml:12:13-82
95            android:authorities="com.example.parkor.flutter.image_provider"
95-->[:image_picker] AndroidManifest.xml:13:13-74
96            android:exported="false"
96-->[:image_picker] AndroidManifest.xml:14:13-37
97            android:grantUriPermissions="true" >
97-->[:image_picker] AndroidManifest.xml:15:13-47
98            <meta-data
98-->[:image_picker] AndroidManifest.xml:16:13-18:75
99                android:name="android.support.FILE_PROVIDER_PATHS"
99-->[:image_picker] AndroidManifest.xml:17:17-67
100                android:resource="@xml/flutter_image_picker_file_paths" />
100-->[:image_picker] AndroidManifest.xml:18:17-72
101        </provider>
102
103        <activity
103-->[:url_launcher] AndroidManifest.xml:8:9-11:74
104            android:name="io.flutter.plugins.urllauncher.WebViewActivity"
104-->[:url_launcher] AndroidManifest.xml:9:13-74
105            android:exported="false"
105-->[:url_launcher] AndroidManifest.xml:10:13-37
106            android:theme="@android:style/Theme.NoTitleBar.Fullscreen" />
106-->[:url_launcher] AndroidManifest.xml:11:13-71
107        <activity
107-->[com.google.firebase:firebase-auth:21.0.1] AndroidManifest.xml:27:9-44:20
108            android:name="com.google.firebase.auth.internal.GenericIdpActivity"
108-->[com.google.firebase:firebase-auth:21.0.1] AndroidManifest.xml:28:13-80
109            android:excludeFromRecents="true"
109-->[com.google.firebase:firebase-auth:21.0.1] AndroidManifest.xml:29:13-46
110            android:exported="true"
110-->[com.google.firebase:firebase-auth:21.0.1] AndroidManifest.xml:30:13-36
111            android:launchMode="singleTask"
111-->[com.google.firebase:firebase-auth:21.0.1] AndroidManifest.xml:31:13-44
112            android:theme="@android:style/Theme.Translucent.NoTitleBar" >
112-->[com.google.firebase:firebase-auth:21.0.1] AndroidManifest.xml:32:13-72
113            <intent-filter>
113-->[com.google.firebase:firebase-auth:21.0.1] AndroidManifest.xml:33:13-43:29
114                <action android:name="android.intent.action.VIEW" />
114-->[com.google.firebase:firebase-auth:21.0.1] AndroidManifest.xml:34:17-69
114-->[com.google.firebase:firebase-auth:21.0.1] AndroidManifest.xml:34:25-66
115
116                <category android:name="android.intent.category.DEFAULT" />
116-->[com.google.firebase:firebase-auth:21.0.1] AndroidManifest.xml:36:17-76
116-->[com.google.firebase:firebase-auth:21.0.1] AndroidManifest.xml:36:27-73
117                <category android:name="android.intent.category.BROWSABLE" />
117-->[com.google.firebase:firebase-auth:21.0.1] AndroidManifest.xml:37:17-78
117-->[com.google.firebase:firebase-auth:21.0.1] AndroidManifest.xml:37:27-75
118
119                <data
119-->[com.google.firebase:firebase-auth:21.0.1] AndroidManifest.xml:39:17-42:51
120                    android:host="firebase.auth"
120-->[com.google.firebase:firebase-auth:21.0.1] AndroidManifest.xml:40:21-49
121                    android:path="/"
121-->[com.google.firebase:firebase-auth:21.0.1] AndroidManifest.xml:41:21-37
122                    android:scheme="genericidp" />
122-->[com.google.firebase:firebase-auth:21.0.1] AndroidManifest.xml:42:21-48
123            </intent-filter>
124        </activity>
125        <activity
125-->[com.google.firebase:firebase-auth:21.0.1] AndroidManifest.xml:45:9-62:20
126            android:name="com.google.firebase.auth.internal.RecaptchaActivity"
126-->[com.google.firebase:firebase-auth:21.0.1] AndroidManifest.xml:46:13-79
127            android:excludeFromRecents="true"
127-->[com.google.firebase:firebase-auth:21.0.1] AndroidManifest.xml:47:13-46
128            android:exported="true"
128-->[com.google.firebase:firebase-auth:21.0.1] AndroidManifest.xml:48:13-36
129            android:launchMode="singleTask"
129-->[com.google.firebase:firebase-auth:21.0.1] AndroidManifest.xml:49:13-44
130            android:theme="@android:style/Theme.Translucent.NoTitleBar" >
130-->[com.google.firebase:firebase-auth:21.0.1] AndroidManifest.xml:50:13-72
131            <intent-filter>
131-->[com.google.firebase:firebase-auth:21.0.1] AndroidManifest.xml:51:13-61:29
132                <action android:name="android.intent.action.VIEW" />
132-->[com.google.firebase:firebase-auth:21.0.1] AndroidManifest.xml:34:17-69
132-->[com.google.firebase:firebase-auth:21.0.1] AndroidManifest.xml:34:25-66
133
134                <category android:name="android.intent.category.DEFAULT" />
134-->[com.google.firebase:firebase-auth:21.0.1] AndroidManifest.xml:36:17-76
134-->[com.google.firebase:firebase-auth:21.0.1] AndroidManifest.xml:36:27-73
135                <category android:name="android.intent.category.BROWSABLE" />
135-->[com.google.firebase:firebase-auth:21.0.1] AndroidManifest.xml:37:17-78
135-->[com.google.firebase:firebase-auth:21.0.1] AndroidManifest.xml:37:27-75
136
137                <data
137-->[com.google.firebase:firebase-auth:21.0.1] AndroidManifest.xml:39:17-42:51
138                    android:host="firebase.auth"
138-->[com.google.firebase:firebase-auth:21.0.1] AndroidManifest.xml:40:21-49
139                    android:path="/"
139-->[com.google.firebase:firebase-auth:21.0.1] AndroidManifest.xml:41:21-37
140                    android:scheme="recaptcha" />
140-->[com.google.firebase:firebase-auth:21.0.1] AndroidManifest.xml:42:21-48
141            </intent-filter>
142        </activity>
143
144        <service
144-->[com.google.firebase:firebase-auth:21.0.1] AndroidManifest.xml:64:9-73:19
145            android:name="com.google.firebase.auth.api.fallback.service.FirebaseAuthFallbackService"
145-->[com.google.firebase:firebase-auth:21.0.1] AndroidManifest.xml:65:13-101
146            android:enabled="true"
146-->[com.google.firebase:firebase-auth:21.0.1] AndroidManifest.xml:66:13-35
147            android:exported="false" >
147-->[com.google.firebase:firebase-auth:21.0.1] AndroidManifest.xml:67:13-37
148            <intent-filter>
148-->[com.google.firebase:firebase-auth:21.0.1] AndroidManifest.xml:68:13-72:29
149                <action android:name="com.google.firebase.auth.api.gms.service.START" />
149-->[com.google.firebase:firebase-auth:21.0.1] AndroidManifest.xml:69:17-89
149-->[com.google.firebase:firebase-auth:21.0.1] AndroidManifest.xml:69:25-86
150
151                <category android:name="android.intent.category.DEFAULT" />
151-->[com.google.firebase:firebase-auth:21.0.1] AndroidManifest.xml:36:17-76
151-->[com.google.firebase:firebase-auth:21.0.1] AndroidManifest.xml:36:27-73
152            </intent-filter>
153        </service>
154
155        <provider
155-->[com.google.firebase:firebase-common:20.0.0] AndroidManifest.xml:26:9-31:39
156            android:name="com.google.firebase.provider.FirebaseInitProvider"
156-->[com.google.firebase:firebase-common:20.0.0] AndroidManifest.xml:27:13-77
157            android:authorities="com.example.parkor.firebaseinitprovider"
157-->[com.google.firebase:firebase-common:20.0.0] AndroidManifest.xml:28:13-72
158            android:directBootAware="true"
158-->[com.google.firebase:firebase-common:20.0.0] AndroidManifest.xml:29:13-43
159            android:exported="false"
159-->[com.google.firebase:firebase-common:20.0.0] AndroidManifest.xml:30:13-37
160            android:initOrder="100" />
160-->[com.google.firebase:firebase-common:20.0.0] AndroidManifest.xml:31:13-36
161
162        <activity
162-->[com.google.android.gms:play-services-base:17.1.0] AndroidManifest.xml:23:9-26:75
163            android:name="com.google.android.gms.common.api.GoogleApiActivity"
163-->[com.google.android.gms:play-services-base:17.1.0] AndroidManifest.xml:24:13-79
164            android:exported="false"
164-->[com.google.android.gms:play-services-base:17.1.0] AndroidManifest.xml:25:13-37
165            android:theme="@android:style/Theme.Translucent.NoTitleBar" />
165-->[com.google.android.gms:play-services-base:17.1.0] AndroidManifest.xml:26:13-72
166
167        <meta-data
167-->[com.google.android.gms:play-services-basement:17.1.0] AndroidManifest.xml:23:9-25:69
168            android:name="com.google.android.gms.version"
168-->[com.google.android.gms:play-services-basement:17.1.0] AndroidManifest.xml:24:13-58
169            android:value="@integer/google_play_services_version" />
169-->[com.google.android.gms:play-services-basement:17.1.0] AndroidManifest.xml:25:13-66
170    </application>
171
172</manifest>